


====================================
Log started, 29/08/2020 11:38:08
====================================

Minty Competition Logging Enabled

SELECT id,start_date,end_date,text,sponsor,status FROM phpbb_minty_competition_events

Done in 0.007951021194458s



====================================
Log started, 29/08/2020 11:39:42
====================================

Minty Competition Logging Enabled

SELECT id,start_date,end_date,text,sponsor,status FROM phpbb_minty_competition_events

Done in 0.018290996551514s



====================================
Log started, 29/08/2020 11:39:53
====================================

Minty Competition Logging Enabled

DataProcessor object initialized
14_id => 14
14_start_date => 2020-08-28 00:00
14_end_date => 2020-08-31 00:00
14_text => GQ TENTS
14_sponsor => 7
14_status => 
14_template => 
14_rules => DEFAULT
14_prize => DEFAULT
14_post_to => DEFAULT
14_!nativeeditor_status => updated
ids => 14

Row data [14]
id => 14
start_date => 2020-08-28 00:00
end_date => 2020-08-31 00:00
text => GQ TENTS
sponsor => 7
status => 
template => 
rules => DEFAULT
prize => DEFAULT
post_to => DEFAULT
!nativeeditor_status => updated

UPDATE phpbb_minty_competition_events SET start_date='2020-08-28 00:00',end_date='2020-08-31 00:00',text='GQ TENTS',sponsor='7',status='' WHERE id='14'

Edit operation finished
0 => action:updated; sid:14; tid:14;

Done in 0.01850700378418s



====================================
Log started, 29/08/2020 11:40:00
====================================

Minty Competition Logging Enabled

DataProcessor object initialized
14_id => 14
14_start_date => 2020-08-28 00:00
14_end_date => 2020-08-31 00:00
14_text => GQ TENTS
14_sponsor => 8
14_status => 
14_template => 
14_rules => DEFAULT
14_prize => DEFAULT
14_post_to => DEFAULT
14_!nativeeditor_status => updated
ids => 14

Row data [14]
id => 14
start_date => 2020-08-28 00:00
end_date => 2020-08-31 00:00
text => GQ TENTS
sponsor => 8
status => 
template => 
rules => DEFAULT
prize => DEFAULT
post_to => DEFAULT
!nativeeditor_status => updated

UPDATE phpbb_minty_competition_events SET start_date='2020-08-28 00:00',end_date='2020-08-31 00:00',text='GQ TENTS',sponsor='8',status='' WHERE id='14'

Edit operation finished
0 => action:updated; sid:14; tid:14;

Done in 0.018912076950073s



====================================
Log started, 04/09/2020 05:39:03
====================================

Minty Competition Logging Enabled

SELECT id,start_date,end_date,text,sponsor,status FROM phpbb_minty_competition_events

Done in 0.0081181526184082s



====================================
Log started, 04/09/2020 05:39:13
====================================

Minty Competition Logging Enabled

DataProcessor object initialized
1599233943511_start_date => 2020-09-08 00:00
1599233943511_end_date => 2020-09-12 00:00
1599233943511_text => New event
1599233943511_id => 1599233943511
1599233943511_sponsor => 7
1599233943511_template => 
1599233943511_rules => DEFAULT
1599233943511_prize => DEFAULT
1599233943511_post_to => DEFAULT
1599233943511_status => ACTIVE
1599233943511_!nativeeditor_status => inserted
ids => 1599233943511

Row data [1599233943511]
start_date => 2020-09-08 00:00
end_date => 2020-09-12 00:00
text => New event
id => 1599233943511
sponsor => 7
template => 
rules => DEFAULT
prize => DEFAULT
post_to => DEFAULT
status => ACTIVE
!nativeeditor_status => inserted

INSERT INTO phpbb_minty_competition_events(start_date,end_date,text,sponsor,status) VALUES ('2020-09-08 00:00','2020-09-12 00:00','New event','7','ACTIVE')

Edit operation finished
0 => action:inserted; sid:1599233943511; tid:15;

Done in 0.020646810531616s



====================================
Log started, 04/09/2020 05:39:15
====================================

Minty Competition Logging Enabled

SELECT id,start_date,end_date,text,sponsor,status FROM phpbb_minty_competition_events

Done in 0.0087912082672119s



====================================
Log started, 04/09/2020 06:11:19
====================================

Minty Competition Logging Enabled

SELECT id,start_date,end_date,text,sponsor,status FROM phpbb_minty_competition_events

Done in 0.02013897895813s



====================================
Log started, 04/09/2020 06:13:36
====================================

Minty Competition Logging Enabled

SELECT id,start_date,end_date,text,sponsor,status FROM phpbb_minty_competition_events

Done in 0.0085799694061279s



====================================
Log started, 05/09/2020 10:37:47
====================================

Minty Competition Logging Enabled

SELECT id,start_date,end_date,text,sponsor,status FROM phpbb_minty_competition_events

Done in 0.012129068374634s



====================================
Log started, 19/09/2020 10:44:31
====================================

Minty Competition Logging Enabled

SELECT id,start_date,end_date,text,sponsor,status FROM phpbb_minty_competition_events

Done in 0.0091919898986816s



====================================
Log started, 19/09/2020 10:44:55
====================================

Minty Competition Logging Enabled

DataProcessor object initialized
15_id => 15
15_start_date => 2020-09-16 00:00
15_end_date => 2020-09-20 00:00
15_text => New event
15_sponsor => 7
15_status => ACTIVE
15_!nativeeditor_status => updated
ids => 15

Row data [15]
id => 15
start_date => 2020-09-16 00:00
end_date => 2020-09-20 00:00
text => New event
sponsor => 7
status => ACTIVE
!nativeeditor_status => updated

UPDATE phpbb_minty_competition_events SET start_date='2020-09-16 00:00',end_date='2020-09-20 00:00',text='New event',sponsor='7',status='ACTIVE' WHERE id='15'

Edit operation finished
0 => action:updated; sid:15; tid:15;

Done in 0.019650936126709s



====================================
Log started, 19/09/2020 10:44:57
====================================

Minty Competition Logging Enabled

DataProcessor object initialized
15_id => 15
15_start_date => 2020-09-08 00:00
15_end_date => 2020-09-12 00:00
15_text => New event
15_sponsor => 7
15_status => ACTIVE
15_!nativeeditor_status => updated
ids => 15

Row data [15]
id => 15
start_date => 2020-09-08 00:00
end_date => 2020-09-12 00:00
text => New event
sponsor => 7
status => ACTIVE
!nativeeditor_status => updated

UPDATE phpbb_minty_competition_events SET start_date='2020-09-08 00:00',end_date='2020-09-12 00:00',text='New event',sponsor='7',status='ACTIVE' WHERE id='15'

Edit operation finished
0 => action:updated; sid:15; tid:15;

Done in 0.019023895263672s



====================================
Log started, 19/09/2020 10:46:09
====================================

Minty Competition Logging Enabled

DataProcessor object initialized
15_id => 15
15_start_date => 2020-09-08 00:00
15_end_date => 2020-09-12 00:00
15_text => New event
15_sponsor => 8
15_status => ACTIVE
15_!nativeeditor_status => updated
15_template => 
15_rules => DEFAULT
15_prize => DEFAULT
15_post_to => DEFAULT
ids => 15

Row data [15]
id => 15
start_date => 2020-09-08 00:00
end_date => 2020-09-12 00:00
text => New event
sponsor => 8
status => ACTIVE
!nativeeditor_status => updated
template => 
rules => DEFAULT
prize => DEFAULT
post_to => DEFAULT

UPDATE phpbb_minty_competition_events SET start_date='2020-09-08 00:00',end_date='2020-09-12 00:00',text='New event',sponsor='8',status='ACTIVE' WHERE id='15'

Edit operation finished
0 => action:updated; sid:15; tid:15;

Done in 0.021423101425171s



====================================
Log started, 19/09/2020 10:46:23
====================================

Minty Competition Logging Enabled

DataProcessor object initialized
15_id => 15
15_start_date => 2020-09-08 00:00
15_end_date => 2020-09-12 00:00
15_text => test
15_sponsor => 8
15_status => ACTIVE
15_!nativeeditor_status => updated
15_template => 
15_rules => DEFAULT
15_prize => DEFAULT
15_post_to => DEFAULT
ids => 15

Row data [15]
id => 15
start_date => 2020-09-08 00:00
end_date => 2020-09-12 00:00
text => test
sponsor => 8
status => ACTIVE
!nativeeditor_status => updated
template => 
rules => DEFAULT
prize => DEFAULT
post_to => DEFAULT

UPDATE phpbb_minty_competition_events SET start_date='2020-09-08 00:00',end_date='2020-09-12 00:00',text='test',sponsor='8',status='ACTIVE' WHERE id='15'

Edit operation finished
0 => action:updated; sid:15; tid:15;

Done in 0.021335124969482s



====================================
Log started, 19/09/2020 10:47:09
====================================

Minty Competition Logging Enabled

DataProcessor object initialized
15_id => 15
15_start_date => 2020-09-08 00:00
15_end_date => 2020-09-12 00:00
15_text => test
15_sponsor => 8
15_status => ACTIVE
15_!nativeeditor_status => updated
15_template => 
15_rules => DEFAULT
15_prize => DEFAULT
15_post_to => DEFAULT
ids => 15

Row data [15]
id => 15
start_date => 2020-09-08 00:00
end_date => 2020-09-12 00:00
text => test
sponsor => 8
status => ACTIVE
!nativeeditor_status => updated
template => 
rules => DEFAULT
prize => DEFAULT
post_to => DEFAULT

UPDATE phpbb_minty_competition_events SET start_date='2020-09-08 00:00',end_date='2020-09-12 00:00',text='test',sponsor='8',status='ACTIVE' WHERE id='15'

Edit operation finished
0 => action:updated; sid:15; tid:15;

Done in 0.017764091491699s



====================================
Log started, 19/09/2020 10:48:13
====================================

Minty Competition Logging Enabled

SELECT id,start_date,end_date,text,sponsor,status FROM phpbb_minty_competition_events

Done in 0.0094430446624756s



====================================
Log started, 19/09/2020 11:03:08
====================================

Minty Competition Logging Enabled

SELECT id,start_date,end_date,text,sponsor,status FROM phpbb_minty_competition_events

Done in 0.01314902305603s

